<?xml version="1.0" encoding="UTF-8"?>
<coverage generated="1529955142">
  <project timestamp="1529955142">
    <package name="App\Api\Entity">
      <file name="/home/famoser/Data/Repos/app.mangel.io/src/Api/Entity/Address.php">
        <class name="App\Api\Entity\Address" namespace="App\Api\Entity">
          <metrics complexity="16" methods="8" coveredmethods="8" conditionals="0" coveredconditionals="0" statements="12" coveredstatements="12" elements="20" coveredelements="20"/>
        </class>
        <line num="39" type="method" name="getStreetAddress" visibility="public" complexity="2" crap="2" count="5"/>
        <line num="41" type="stmt" count="5"/>
        <line num="47" type="method" name="setStreetAddress" visibility="public" complexity="2" crap="2" count="5"/>
        <line num="49" type="stmt" count="5"/>
        <line num="50" type="stmt" count="5"/>
        <line num="55" type="method" name="getPostalCode" visibility="public" complexity="2" crap="2" count="5"/>
        <line num="57" type="stmt" count="5"/>
        <line num="63" type="method" name="setPostalCode" visibility="public" complexity="2" crap="2" count="5"/>
        <line num="65" type="stmt" count="5"/>
        <line num="66" type="stmt" count="5"/>
        <line num="71" type="method" name="getLocality" visibility="public" complexity="2" crap="2" count="5"/>
        <line num="73" type="stmt" count="5"/>
        <line num="79" type="method" name="setLocality" visibility="public" complexity="2" crap="2" count="5"/>
        <line num="81" type="stmt" count="5"/>
        <line num="82" type="stmt" count="5"/>
        <line num="87" type="method" name="getCountry" visibility="public" complexity="2" crap="2" count="5"/>
        <line num="89" type="stmt" count="5"/>
        <line num="95" type="method" name="setCountry" visibility="public" complexity="2" crap="2" count="5"/>
        <line num="97" type="stmt" count="5"/>
        <line num="98" type="stmt" count="5"/>
        <metrics loc="99" ncloc="55" classes="1" methods="8" coveredmethods="8" conditionals="0" coveredconditionals="0" statements="12" coveredstatements="12" elements="20" coveredelements="20"/>
      </file>
      <file name="/home/famoser/Data/Repos/app.mangel.io/src/Api/Entity/Building.php">
        <class name="App\Api\Entity\Building" namespace="App\Api\Entity">
          <metrics complexity="14" methods="10" coveredmethods="10" conditionals="0" coveredconditionals="0" statements="15" coveredstatements="15" elements="25" coveredelements="25"/>
        </class>
        <line num="46" type="method" name="getName" visibility="public" complexity="1" crap="1" count="5"/>
        <line num="48" type="stmt" count="5"/>
        <line num="54" type="method" name="setName" visibility="public" complexity="1" crap="1" count="5"/>
        <line num="56" type="stmt" count="5"/>
        <line num="57" type="stmt" count="5"/>
        <line num="62" type="method" name="getAddress" visibility="public" complexity="2" crap="2" count="5"/>
        <line num="64" type="stmt" count="5"/>
        <line num="70" type="method" name="setAddress" visibility="public" complexity="2" crap="2" count="5"/>
        <line num="72" type="stmt" count="5"/>
        <line num="73" type="stmt" count="5"/>
        <line num="78" type="method" name="getImageFilename" visibility="public" complexity="2" crap="2" count="5"/>
        <line num="80" type="stmt" count="5"/>
        <line num="86" type="method" name="setImageFilename" visibility="public" complexity="2" crap="2" count="5"/>
        <line num="88" type="stmt" count="5"/>
        <line num="89" type="stmt" count="5"/>
        <line num="94" type="method" name="getMaps" visibility="public" complexity="1" crap="1" count="5"/>
        <line num="96" type="stmt" count="5"/>
        <line num="102" type="method" name="setMaps" visibility="public" complexity="1" crap="1" count="5"/>
        <line num="104" type="stmt" count="5"/>
        <line num="105" type="stmt" count="5"/>
        <line num="110" type="method" name="getCraftsmen" visibility="public" complexity="1" crap="1" count="5"/>
        <line num="112" type="stmt" count="5"/>
        <line num="118" type="method" name="setCraftsmen" visibility="public" complexity="1" crap="1" count="5"/>
        <line num="120" type="stmt" count="5"/>
        <line num="121" type="stmt" count="5"/>
        <metrics loc="122" ncloc="69" classes="1" methods="10" coveredmethods="10" conditionals="0" coveredconditionals="0" statements="15" coveredstatements="15" elements="25" coveredelements="25"/>
      </file>
      <file name="/home/famoser/Data/Repos/app.mangel.io/src/Api/Entity/Craftsman.php">
        <class name="App\Api\Entity\Craftsman" namespace="App\Api\Entity">
          <metrics complexity="4" methods="4" coveredmethods="4" conditionals="0" coveredconditionals="0" statements="6" coveredstatements="6" elements="10" coveredelements="10"/>
        </class>
        <line num="31" type="method" name="getName" visibility="public" complexity="1" crap="1" count="5"/>
        <line num="33" type="stmt" count="5"/>
        <line num="39" type="method" name="setName" visibility="public" complexity="1" crap="1" count="5"/>
        <line num="41" type="stmt" count="5"/>
        <line num="42" type="stmt" count="5"/>
        <line num="47" type="method" name="getTrade" visibility="public" complexity="1" crap="1" count="5"/>
        <line num="49" type="stmt" count="5"/>
        <line num="55" type="method" name="setTrade" visibility="public" complexity="1" crap="1" count="5"/>
        <line num="57" type="stmt" count="5"/>
        <line num="58" type="stmt" count="5"/>
        <metrics loc="59" ncloc="33" classes="1" methods="4" coveredmethods="4" conditionals="0" coveredconditionals="0" statements="6" coveredstatements="6" elements="10" coveredelements="10"/>
      </file>
      <file name="/home/famoser/Data/Repos/app.mangel.io/src/Api/Entity/Issue.php">
        <class name="App\Api\Entity\Issue" namespace="App\Api\Entity">
          <metrics complexity="28" methods="18" coveredmethods="18" conditionals="0" coveredconditionals="0" statements="27" coveredstatements="27" elements="45" coveredelements="45"/>
        </class>
        <line num="69" type="method" name="getNumber" visibility="public" complexity="2" crap="2" count="5"/>
        <line num="71" type="stmt" count="5"/>
        <line num="77" type="method" name="setNumber" visibility="public" complexity="2" crap="2" count="5"/>
        <line num="79" type="stmt" count="5"/>
        <line num="80" type="stmt" count="5"/>
        <line num="85" type="method" name="getIsMarked" visibility="public" complexity="1" crap="1" count="5"/>
        <line num="87" type="stmt" count="5"/>
        <line num="93" type="method" name="setIsMarked" visibility="public" complexity="1" crap="1" count="5"/>
        <line num="95" type="stmt" count="5"/>
        <line num="96" type="stmt" count="5"/>
        <line num="101" type="method" name="getWasAddedWithClient" visibility="public" complexity="1" crap="1" count="5"/>
        <line num="103" type="stmt" count="5"/>
        <line num="109" type="method" name="setWasAddedWithClient" visibility="public" complexity="1" crap="1" count="5"/>
        <line num="111" type="stmt" count="5"/>
        <line num="112" type="stmt" count="5"/>
        <line num="117" type="method" name="getDescription" visibility="public" complexity="2" crap="2" count="5"/>
        <line num="119" type="stmt" count="5"/>
        <line num="125" type="method" name="setDescription" visibility="public" complexity="2" crap="2" count="5"/>
        <line num="127" type="stmt" count="5"/>
        <line num="128" type="stmt" count="5"/>
        <line num="133" type="method" name="getCraftsman" visibility="public" complexity="2" crap="2" count="5"/>
        <line num="135" type="stmt" count="5"/>
        <line num="141" type="method" name="setCraftsman" visibility="public" complexity="2" crap="2" count="5"/>
        <line num="143" type="stmt" count="5"/>
        <line num="144" type="stmt" count="5"/>
        <line num="149" type="method" name="getImageFilename" visibility="public" complexity="2" crap="2" count="5"/>
        <line num="151" type="stmt" count="5"/>
        <line num="157" type="method" name="setImageFilename" visibility="public" complexity="2" crap="2" count="5"/>
        <line num="159" type="stmt" count="5"/>
        <line num="160" type="stmt" count="5"/>
        <line num="165" type="method" name="getStatus" visibility="public" complexity="1" crap="1" count="5"/>
        <line num="167" type="stmt" count="5"/>
        <line num="173" type="method" name="setStatus" visibility="public" complexity="1" crap="1" count="5"/>
        <line num="175" type="stmt" count="5"/>
        <line num="176" type="stmt" count="5"/>
        <line num="181" type="method" name="getPosition" visibility="public" complexity="2" crap="2" count="5"/>
        <line num="183" type="stmt" count="5"/>
        <line num="189" type="method" name="setPosition" visibility="public" complexity="2" crap="2" count="5"/>
        <line num="191" type="stmt" count="5"/>
        <line num="192" type="stmt" count="5"/>
        <line num="197" type="method" name="getMap" visibility="public" complexity="1" crap="1" count="5"/>
        <line num="199" type="stmt" count="5"/>
        <line num="205" type="method" name="setMap" visibility="public" complexity="1" crap="1" count="5"/>
        <line num="207" type="stmt" count="5"/>
        <line num="208" type="stmt" count="5"/>
        <metrics loc="209" ncloc="118" classes="1" methods="18" coveredmethods="18" conditionals="0" coveredconditionals="0" statements="27" coveredstatements="27" elements="45" coveredelements="45"/>
      </file>
      <file name="/home/famoser/Data/Repos/app.mangel.io/src/Api/Entity/IssuePosition.php">
        <class name="App\Api\Entity\IssuePosition" namespace="App\Api\Entity">
          <metrics complexity="6" methods="6" coveredmethods="6" conditionals="0" coveredconditionals="0" statements="9" coveredstatements="9" elements="15" coveredelements="15"/>
        </class>
        <line num="42" type="method" name="getX" visibility="public" complexity="1" crap="1" count="5"/>
        <line num="44" type="stmt" count="5"/>
        <line num="50" type="method" name="setX" visibility="public" complexity="1" crap="1" count="5"/>
        <line num="52" type="stmt" count="5"/>
        <line num="53" type="stmt" count="5"/>
        <line num="58" type="method" name="getY" visibility="public" complexity="1" crap="1" count="5"/>
        <line num="60" type="stmt" count="5"/>
        <line num="66" type="method" name="setY" visibility="public" complexity="1" crap="1" count="5"/>
        <line num="68" type="stmt" count="5"/>
        <line num="69" type="stmt" count="5"/>
        <line num="74" type="method" name="getZoomScale" visibility="public" complexity="1" crap="1" count="5"/>
        <line num="76" type="stmt" count="5"/>
        <line num="82" type="method" name="setZoomScale" visibility="public" complexity="1" crap="1" count="5"/>
        <line num="84" type="stmt" count="5"/>
        <line num="85" type="stmt" count="5"/>
        <metrics loc="86" ncloc="45" classes="1" methods="6" coveredmethods="6" conditionals="0" coveredconditionals="0" statements="9" coveredstatements="9" elements="15" coveredelements="15"/>
      </file>
      <file name="/home/famoser/Data/Repos/app.mangel.io/src/Api/Entity/IssueStatus.php">
        <class name="App\Api\Entity\IssueStatus" namespace="App\Api\Entity">
          <metrics complexity="12" methods="6" coveredmethods="6" conditionals="0" coveredconditionals="0" statements="9" coveredstatements="9" elements="15" coveredelements="15"/>
        </class>
        <line num="34" type="method" name="getRegistration" visibility="public" complexity="2" crap="2" count="5"/>
        <line num="36" type="stmt" count="5"/>
        <line num="42" type="method" name="setRegistration" visibility="public" complexity="2" crap="2" count="5"/>
        <line num="44" type="stmt" count="5"/>
        <line num="45" type="stmt" count="5"/>
        <line num="50" type="method" name="getResponse" visibility="public" complexity="2" crap="2" count="5"/>
        <line num="52" type="stmt" count="5"/>
        <line num="58" type="method" name="setResponse" visibility="public" complexity="2" crap="2" count="5"/>
        <line num="60" type="stmt" count="5"/>
        <line num="61" type="stmt" count="5"/>
        <line num="66" type="method" name="getReview" visibility="public" complexity="2" crap="2" count="5"/>
        <line num="68" type="stmt" count="5"/>
        <line num="74" type="method" name="setReview" visibility="public" complexity="2" crap="2" count="5"/>
        <line num="76" type="stmt" count="5"/>
        <line num="77" type="stmt" count="5"/>
        <metrics loc="78" ncloc="43" classes="1" methods="6" coveredmethods="6" conditionals="0" coveredconditionals="0" statements="9" coveredstatements="9" elements="15" coveredelements="15"/>
      </file>
      <file name="/home/famoser/Data/Repos/app.mangel.io/src/Api/Entity/IssueStatusEvent.php">
        <class name="App\Api\Entity\IssueStatusEvent" namespace="App\Api\Entity">
          <metrics complexity="4" methods="4" coveredmethods="4" conditionals="0" coveredconditionals="0" statements="6" coveredstatements="6" elements="10" coveredelements="10"/>
        </class>
        <line num="29" type="method" name="getTime" visibility="public" complexity="1" crap="1" count="5"/>
        <line num="31" type="stmt" count="5"/>
        <line num="37" type="method" name="setTime" visibility="public" complexity="1" crap="1" count="5"/>
        <line num="39" type="stmt" count="5"/>
        <line num="40" type="stmt" count="5"/>
        <line num="45" type="method" name="getAuthor" visibility="public" complexity="1" crap="1" count="5"/>
        <line num="47" type="stmt" count="5"/>
        <line num="53" type="method" name="setAuthor" visibility="public" complexity="1" crap="1" count="5"/>
        <line num="55" type="stmt" count="5"/>
        <line num="56" type="stmt" count="5"/>
        <metrics loc="57" ncloc="31" classes="1" methods="4" coveredmethods="4" conditionals="0" coveredconditionals="0" statements="6" coveredstatements="6" elements="10" coveredelements="10"/>
      </file>
      <file name="/home/famoser/Data/Repos/app.mangel.io/src/Api/Entity/Map.php">
        <class name="App\Api\Entity\Map" namespace="App\Api\Entity">
          <metrics complexity="12" methods="9" coveredmethods="9" conditionals="0" coveredconditionals="0" statements="13" coveredstatements="13" elements="22" coveredelements="22"/>
        </class>
        <line num="41" type="method" name="getName" visibility="public" complexity="1" crap="1" count="5"/>
        <line num="43" type="stmt" count="5"/>
        <line num="49" type="method" name="setName" visibility="public" complexity="1" crap="1" count="5"/>
        <line num="51" type="stmt" count="5"/>
        <line num="52" type="stmt" count="5"/>
        <line num="57" type="method" name="getFilename" visibility="public" complexity="2" crap="2" count="5"/>
        <line num="59" type="stmt" count="5"/>
        <line num="65" type="method" name="getFilePath" visibility="public" complexity="2" crap="2" count="5"/>
        <line num="67" type="stmt" count="5"/>
        <line num="73" type="method" name="setFilename" visibility="public" complexity="2" crap="2" count="5"/>
        <line num="75" type="stmt" count="5"/>
        <line num="76" type="stmt" count="5"/>
        <line num="81" type="method" name="getChildren" visibility="public" complexity="1" crap="1" count="5"/>
        <line num="83" type="stmt" count="5"/>
        <line num="89" type="method" name="setChildren" visibility="public" complexity="1" crap="1" count="5"/>
        <line num="91" type="stmt" count="5"/>
        <line num="92" type="stmt" count="5"/>
        <line num="97" type="method" name="getIssues" visibility="public" complexity="1" crap="1" count="5"/>
        <line num="99" type="stmt" count="5"/>
        <line num="105" type="method" name="setIssues" visibility="public" complexity="1" crap="1" count="5"/>
        <line num="107" type="stmt" count="5"/>
        <line num="108" type="stmt" count="5"/>
        <metrics loc="109" ncloc="62" classes="1" methods="9" coveredmethods="9" conditionals="0" coveredconditionals="0" statements="13" coveredstatements="13" elements="22" coveredelements="22"/>
      </file>
      <file name="/home/famoser/Data/Repos/app.mangel.io/src/Api/Entity/ObjectMeta.php">
        <class name="App\Api\Entity\ObjectMeta" namespace="App\Api\Entity">
          <metrics complexity="4" methods="4" coveredmethods="4" conditionals="0" coveredconditionals="0" statements="6" coveredstatements="6" elements="10" coveredelements="10"/>
        </class>
        <line num="35" type="method" name="getId" visibility="public" complexity="1" crap="1" count="6"/>
        <line num="37" type="stmt" count="6"/>
        <line num="43" type="method" name="setId" visibility="public" complexity="1" crap="1" count="6"/>
        <line num="45" type="stmt" count="6"/>
        <line num="46" type="stmt" count="6"/>
        <line num="51" type="method" name="getLastChangeTime" visibility="public" complexity="1" crap="1" count="6"/>
        <line num="53" type="stmt" count="6"/>
        <line num="59" type="method" name="setLastChangeTime" visibility="public" complexity="1" crap="1" count="6"/>
        <line num="61" type="stmt" count="6"/>
        <line num="62" type="stmt" count="6"/>
        <metrics loc="63" ncloc="33" classes="1" methods="4" coveredmethods="4" conditionals="0" coveredconditionals="0" statements="6" coveredstatements="6" elements="10" coveredelements="10"/>
      </file>
      <file name="/home/famoser/Data/Repos/app.mangel.io/src/Api/Entity/User.php">
        <class name="App\Api\Entity\User" namespace="App\Api\Entity">
          <metrics complexity="6" methods="6" coveredmethods="6" conditionals="0" coveredconditionals="0" statements="9" coveredstatements="9" elements="15" coveredelements="15"/>
        </class>
        <line num="36" type="method" name="getAuthenticationToken" visibility="public" complexity="1" crap="1" count="6"/>
        <line num="38" type="stmt" count="6"/>
        <line num="44" type="method" name="setAuthenticationToken" visibility="public" complexity="1" crap="1" count="6"/>
        <line num="46" type="stmt" count="6"/>
        <line num="47" type="stmt" count="6"/>
        <line num="52" type="method" name="getGivenName" visibility="public" complexity="1" crap="1" count="6"/>
        <line num="54" type="stmt" count="6"/>
        <line num="60" type="method" name="setGivenName" visibility="public" complexity="1" crap="1" count="6"/>
        <line num="62" type="stmt" count="6"/>
        <line num="63" type="stmt" count="6"/>
        <line num="68" type="method" name="getFamilyName" visibility="public" complexity="1" crap="1" count="6"/>
        <line num="70" type="stmt" count="6"/>
        <line num="76" type="method" name="setFamilyName" visibility="public" complexity="1" crap="1" count="6"/>
        <line num="78" type="stmt" count="6"/>
        <line num="79" type="stmt" count="6"/>
        <metrics loc="80" ncloc="45" classes="1" methods="6" coveredmethods="6" conditionals="0" coveredconditionals="0" statements="9" coveredstatements="9" elements="15" coveredelements="15"/>
      </file>
    </package>
    <package name="App\Api\Entity\Base">
      <file name="/home/famoser/Data/Repos/app.mangel.io/src/Api/Entity/Base/BaseEntity.php">
        <class name="App\Api\Entity\Base\BaseEntity" namespace="App\Api\Entity\Base">
          <metrics complexity="2" methods="2" coveredmethods="2" conditionals="0" coveredconditionals="0" statements="3" coveredstatements="3" elements="5" coveredelements="5"/>
        </class>
        <line num="29" type="method" name="getMeta" visibility="public" complexity="1" crap="1" count="6"/>
        <line num="31" type="stmt" count="6"/>
        <line num="37" type="method" name="setMeta" visibility="public" complexity="1" crap="1" count="6"/>
        <line num="39" type="stmt" count="6"/>
        <line num="40" type="stmt" count="6"/>
        <metrics loc="41" ncloc="22" classes="1" methods="2" coveredmethods="2" conditionals="0" coveredconditionals="0" statements="3" coveredstatements="3" elements="5" coveredelements="5"/>
      </file>
    </package>
    <package name="App\Api">
      <file name="/home/famoser/Data/Repos/app.mangel.io/src/Api/JsonResponse.php">
        <class name="App\Api\JsonResponse" namespace="App\Api">
          <metrics complexity="0" methods="0" coveredmethods="0" conditionals="0" coveredconditionals="0" statements="0" coveredstatements="0" elements="0" coveredelements="0"/>
        </class>
        <metrics loc="17" ncloc="9" classes="0" methods="0" coveredmethods="0" conditionals="0" coveredconditionals="0" statements="0" coveredstatements="0" elements="0" coveredelements="0"/>
      </file>
    </package>
    <package name="App\Api\Request\Base">
      <file name="/home/famoser/Data/Repos/app.mangel.io/src/Api/Request/Base/AbstractRequest.php">
        <class name="App\Api\Request\Base\AbstractRequest" namespace="App\Api\Request\Base">
          <metrics complexity="0" methods="0" coveredmethods="0" conditionals="0" coveredconditionals="0" statements="0" coveredstatements="0" elements="0" coveredelements="0"/>
        </class>
        <metrics loc="16" ncloc="8" classes="0" methods="0" coveredmethods="0" conditionals="0" coveredconditionals="0" statements="0" coveredstatements="0" elements="0" coveredelements="0"/>
      </file>
      <file name="/home/famoser/Data/Repos/app.mangel.io/src/Api/Request/Base/AuthenticatedRequest.php">
        <class name="App\Api\Request\Base\AuthenticatedRequest" namespace="App\Api\Request\Base">
          <metrics complexity="2" methods="2" coveredmethods="2" conditionals="0" coveredconditionals="0" statements="3" coveredstatements="3" elements="5" coveredelements="5"/>
        </class>
        <line num="28" type="method" name="getAuthenticationToken" visibility="public" complexity="1" crap="1" count="5"/>
        <line num="30" type="stmt" count="5"/>
        <line num="36" type="method" name="setAuthenticationToken" visibility="public" complexity="1" crap="1" count="5"/>
        <line num="38" type="stmt" count="5"/>
        <line num="39" type="stmt" count="5"/>
        <metrics loc="40" ncloc="21" classes="1" methods="2" coveredmethods="2" conditionals="0" coveredconditionals="0" statements="3" coveredstatements="3" elements="5" coveredelements="5"/>
      </file>
    </package>
    <package name="App\Api\Request">
      <file name="/home/famoser/Data/Repos/app.mangel.io/src/Api/Request/DownloadFileRequest.php">
        <class name="App\Api\Request\DownloadFileRequest" namespace="App\Api\Request">
          <metrics complexity="12" methods="6" coveredmethods="6" conditionals="0" coveredconditionals="0" statements="9" coveredstatements="9" elements="15" coveredelements="15"/>
        </class>
        <line num="37" type="method" name="getBuilding" visibility="public" complexity="2" crap="2" count="1"/>
        <line num="39" type="stmt" count="1"/>
        <line num="45" type="method" name="setBuilding" visibility="public" complexity="2" crap="2" count="1"/>
        <line num="47" type="stmt" count="1"/>
        <line num="48" type="stmt" count="1"/>
        <line num="53" type="method" name="getMap" visibility="public" complexity="2" crap="2" count="1"/>
        <line num="55" type="stmt" count="1"/>
        <line num="61" type="method" name="setMap" visibility="public" complexity="2" crap="2" count="1"/>
        <line num="63" type="stmt" count="1"/>
        <line num="64" type="stmt" count="1"/>
        <line num="69" type="method" name="getIssue" visibility="public" complexity="2" crap="2" count="1"/>
        <line num="71" type="stmt" count="1"/>
        <line num="77" type="method" name="setIssue" visibility="public" complexity="2" crap="2" count="1"/>
        <line num="79" type="stmt" count="1"/>
        <line num="80" type="stmt" count="1"/>
        <metrics loc="81" ncloc="46" classes="1" methods="6" coveredmethods="6" conditionals="0" coveredconditionals="0" statements="9" coveredstatements="9" elements="15" coveredelements="15"/>
      </file>
      <file name="/home/famoser/Data/Repos/app.mangel.io/src/Api/Request/IssueActionRequest.php">
        <class name="App\Api\Request\IssueActionRequest" namespace="App\Api\Request">
          <metrics complexity="2" methods="2" coveredmethods="2" conditionals="0" coveredconditionals="0" statements="3" coveredstatements="3" elements="5" coveredelements="5"/>
        </class>
        <line num="29" type="method" name="getIssueID" visibility="public" complexity="1" crap="1" count="1"/>
        <line num="31" type="stmt" count="1"/>
        <line num="37" type="method" name="setIssueID" visibility="public" complexity="1" crap="1" count="1"/>
        <line num="39" type="stmt" count="1"/>
        <line num="40" type="stmt" count="1"/>
        <metrics loc="41" ncloc="22" classes="1" methods="2" coveredmethods="2" conditionals="0" coveredconditionals="0" statements="3" coveredstatements="3" elements="5" coveredelements="5"/>
      </file>
      <file name="/home/famoser/Data/Repos/app.mangel.io/src/Api/Request/IssueModifyRequest.php">
        <class name="App\Api\Request\IssueModifyRequest" namespace="App\Api\Request">
          <metrics complexity="2" methods="2" coveredmethods="2" conditionals="0" coveredconditionals="0" statements="3" coveredstatements="3" elements="5" coveredelements="5"/>
        </class>
        <line num="30" type="method" name="getIssue" visibility="public" complexity="1" crap="1" count="3"/>
        <line num="32" type="stmt" count="3"/>
        <line num="38" type="method" name="setIssue" visibility="public" complexity="1" crap="1" count="3"/>
        <line num="40" type="stmt" count="3"/>
        <line num="41" type="stmt" count="3"/>
        <metrics loc="42" ncloc="23" classes="1" methods="2" coveredmethods="2" conditionals="0" coveredconditionals="0" statements="3" coveredstatements="3" elements="5" coveredelements="5"/>
      </file>
      <file name="/home/famoser/Data/Repos/app.mangel.io/src/Api/Request/LoginRequest.php">
        <class name="App\Api\Request\LoginRequest" namespace="App\Api\Request">
          <metrics complexity="4" methods="4" coveredmethods="4" conditionals="0" coveredconditionals="0" statements="6" coveredstatements="6" elements="10" coveredelements="10"/>
        </class>
        <line num="36" type="method" name="getUsername" visibility="public" complexity="1" crap="1" count="6"/>
        <line num="38" type="stmt" count="6"/>
        <line num="44" type="method" name="setUsername" visibility="public" complexity="1" crap="1" count="6"/>
        <line num="46" type="stmt" count="6"/>
        <line num="47" type="stmt" count="6"/>
        <line num="52" type="method" name="getPasswordHash" visibility="public" complexity="1" crap="1" count="6"/>
        <line num="54" type="stmt" count="6"/>
        <line num="60" type="method" name="setPasswordHash" visibility="public" complexity="1" crap="1" count="6"/>
        <line num="62" type="stmt" count="6"/>
        <line num="63" type="stmt" count="6"/>
        <metrics loc="64" ncloc="34" classes="1" methods="4" coveredmethods="4" conditionals="0" coveredconditionals="0" statements="6" coveredstatements="6" elements="10" coveredelements="10"/>
      </file>
      <file name="/home/famoser/Data/Repos/app.mangel.io/src/Api/Request/ReadRequest.php">
        <class name="App\Api\Request\ReadRequest" namespace="App\Api\Request">
          <metrics complexity="10" methods="10" coveredmethods="10" conditionals="0" coveredconditionals="0" statements="15" coveredstatements="15" elements="25" coveredelements="25"/>
        </class>
        <line num="58" type="method" name="getUser" visibility="public" complexity="1" crap="1" count="5"/>
        <line num="60" type="stmt" count="5"/>
        <line num="66" type="method" name="setUser" visibility="public" complexity="1" crap="1" count="5"/>
        <line num="68" type="stmt" count="5"/>
        <line num="69" type="stmt" count="5"/>
        <line num="74" type="method" name="getCraftsmen" visibility="public" complexity="1" crap="1" count="5"/>
        <line num="76" type="stmt" count="5"/>
        <line num="82" type="method" name="setCraftsmen" visibility="public" complexity="1" crap="1" count="5"/>
        <line num="84" type="stmt" count="5"/>
        <line num="85" type="stmt" count="5"/>
        <line num="90" type="method" name="getBuildings" visibility="public" complexity="1" crap="1" count="5"/>
        <line num="92" type="stmt" count="5"/>
        <line num="98" type="method" name="setBuildings" visibility="public" complexity="1" crap="1" count="5"/>
        <line num="100" type="stmt" count="5"/>
        <line num="101" type="stmt" count="5"/>
        <line num="106" type="method" name="getMaps" visibility="public" complexity="1" crap="1" count="5"/>
        <line num="108" type="stmt" count="5"/>
        <line num="114" type="method" name="setMaps" visibility="public" complexity="1" crap="1" count="5"/>
        <line num="116" type="stmt" count="5"/>
        <line num="117" type="stmt" count="5"/>
        <line num="122" type="method" name="getIssues" visibility="public" complexity="1" crap="1" count="5"/>
        <line num="124" type="stmt" count="5"/>
        <line num="130" type="method" name="setIssues" visibility="public" complexity="1" crap="1" count="5"/>
        <line num="132" type="stmt" count="5"/>
        <line num="133" type="stmt" count="5"/>
        <metrics loc="134" ncloc="71" classes="1" methods="10" coveredmethods="10" conditionals="0" coveredconditionals="0" statements="15" coveredstatements="15" elements="25" coveredelements="25"/>
      </file>
    </package>
    <package name="App\Api\Response\Base">
      <file name="/home/famoser/Data/Repos/app.mangel.io/src/Api/Response/Base/AbstractMessageResponse.php">
        <class name="App\Api\Response\Base\AbstractMessageResponse" namespace="App\Api\Response\Base">
          <metrics complexity="3" methods="3" coveredmethods="3" conditionals="0" coveredconditionals="0" statements="6" coveredstatements="6" elements="9" coveredelements="9"/>
        </class>
        <line num="23" type="method" name="__construct" visibility="public" complexity="1" crap="1" count="4"/>
        <line num="25" type="stmt" count="4"/>
        <line num="26" type="stmt" count="4"/>
        <line num="27" type="stmt" count="4"/>
        <line num="28" type="stmt" count="4"/>
        <line num="43" type="method" name="getMessage" visibility="public" complexity="1" crap="1" count="4"/>
        <line num="45" type="stmt" count="4"/>
        <line num="51" type="method" name="getError" visibility="public" complexity="1" crap="1" count="4"/>
        <line num="53" type="stmt" count="4"/>
        <metrics loc="55" ncloc="28" classes="1" methods="3" coveredmethods="3" conditionals="0" coveredconditionals="0" statements="6" coveredstatements="6" elements="9" coveredelements="9"/>
      </file>
      <file name="/home/famoser/Data/Repos/app.mangel.io/src/Api/Response/Base/AbstractResponse.php">
        <class name="App\Api\Response\Base\AbstractResponse" namespace="App\Api\Response\Base">
          <metrics complexity="2" methods="2" coveredmethods="2" conditionals="0" coveredconditionals="0" statements="3" coveredstatements="3" elements="5" coveredelements="5"/>
        </class>
        <line num="21" type="method" name="__construct" visibility="public" complexity="1" crap="1" count="6"/>
        <line num="23" type="stmt" count="6"/>
        <line num="24" type="stmt" count="6"/>
        <line num="34" type="method" name="getStatus" visibility="public" complexity="1" crap="1" count="6"/>
        <line num="36" type="stmt" count="6"/>
        <metrics loc="38" ncloc="19" classes="1" methods="2" coveredmethods="2" conditionals="0" coveredconditionals="0" statements="3" coveredstatements="3" elements="5" coveredelements="5"/>
      </file>
    </package>
    <package name="App\Api\Response\Data">
      <file name="/home/famoser/Data/Repos/app.mangel.io/src/Api/Response/Data/EmptyData.php">
        <class name="App\Api\Response\Data\EmptyData" namespace="App\Api\Response\Data">
          <metrics complexity="0" methods="0" coveredmethods="0" conditionals="0" coveredconditionals="0" statements="0" coveredstatements="0" elements="0" coveredelements="0"/>
        </class>
        <metrics loc="16" ncloc="8" classes="0" methods="0" coveredmethods="0" conditionals="0" coveredconditionals="0" statements="0" coveredstatements="0" elements="0" coveredelements="0"/>
      </file>
      <file name="/home/famoser/Data/Repos/app.mangel.io/src/Api/Response/Data/IssueData.php">
        <class name="App\Api\Response\Data\IssueData" namespace="App\Api\Response\Data">
          <metrics complexity="2" methods="2" coveredmethods="2" conditionals="0" coveredconditionals="0" statements="3" coveredstatements="3" elements="5" coveredelements="5"/>
        </class>
        <line num="23" type="method" name="__construct" visibility="public" complexity="1" crap="1" count="4"/>
        <line num="25" type="stmt" count="4"/>
        <line num="26" type="stmt" count="4"/>
        <line num="36" type="method" name="getIssue" visibility="public" complexity="1" crap="1" count="4"/>
        <line num="38" type="stmt" count="4"/>
        <metrics loc="40" ncloc="21" classes="1" methods="2" coveredmethods="2" conditionals="0" coveredconditionals="0" statements="3" coveredstatements="3" elements="5" coveredelements="5"/>
      </file>
      <file name="/home/famoser/Data/Repos/app.mangel.io/src/Api/Response/Data/LoginData.php">
        <class name="App\Api\Response\Data\LoginData" namespace="App\Api\Response\Data">
          <metrics complexity="2" methods="2" coveredmethods="2" conditionals="0" coveredconditionals="0" statements="3" coveredstatements="3" elements="5" coveredelements="5"/>
        </class>
        <line num="23" type="method" name="__construct" visibility="public" complexity="1" crap="1" count="6"/>
        <line num="25" type="stmt" count="6"/>
        <line num="26" type="stmt" count="6"/>
        <line num="36" type="method" name="getUser" visibility="public" complexity="1" crap="1" count="6"/>
        <line num="38" type="stmt" count="6"/>
        <metrics loc="40" ncloc="21" classes="1" methods="2" coveredmethods="2" conditionals="0" coveredconditionals="0" statements="3" coveredstatements="3" elements="5" coveredelements="5"/>
      </file>
      <file name="/home/famoser/Data/Repos/app.mangel.io/src/Api/Response/Data/ReadData.php">
        <class name="App\Api\Response\Data\ReadData" namespace="App\Api\Response\Data">
          <metrics complexity="19" methods="18" coveredmethods="18" conditionals="0" coveredconditionals="0" statements="27" coveredstatements="27" elements="45" coveredelements="45"/>
        </class>
        <line num="70" type="method" name="getChangedCraftsmen" visibility="public" complexity="1" crap="1" count="5"/>
        <line num="72" type="stmt" count="5"/>
        <line num="78" type="method" name="setChangedCraftsmen" visibility="public" complexity="1" crap="1" count="5"/>
        <line num="80" type="stmt" count="5"/>
        <line num="81" type="stmt" count="5"/>
        <line num="86" type="method" name="getRemovedCraftsmanIDs" visibility="public" complexity="1" crap="1" count="5"/>
        <line num="88" type="stmt" count="5"/>
        <line num="94" type="method" name="setRemovedCraftsmanIDs" visibility="public" complexity="1" crap="1" count="5"/>
        <line num="96" type="stmt" count="5"/>
        <line num="97" type="stmt" count="5"/>
        <line num="102" type="method" name="getChangedBuildings" visibility="public" complexity="1" crap="1" count="5"/>
        <line num="104" type="stmt" count="5"/>
        <line num="110" type="method" name="setChangedBuildings" visibility="public" complexity="1" crap="1" count="5"/>
        <line num="112" type="stmt" count="5"/>
        <line num="113" type="stmt" count="5"/>
        <line num="118" type="method" name="getRemovedBuildingIDs" visibility="public" complexity="1" crap="1" count="5"/>
        <line num="120" type="stmt" count="5"/>
        <line num="126" type="method" name="setRemovedBuildingIDs" visibility="public" complexity="1" crap="1" count="5"/>
        <line num="128" type="stmt" count="5"/>
        <line num="129" type="stmt" count="5"/>
        <line num="134" type="method" name="getChangedMaps" visibility="public" complexity="1" crap="1" count="5"/>
        <line num="136" type="stmt" count="5"/>
        <line num="142" type="method" name="setChangedMaps" visibility="public" complexity="1" crap="1" count="5"/>
        <line num="144" type="stmt" count="5"/>
        <line num="145" type="stmt" count="5"/>
        <line num="150" type="method" name="getRemovedMapIDs" visibility="public" complexity="1" crap="1" count="5"/>
        <line num="152" type="stmt" count="5"/>
        <line num="158" type="method" name="setRemovedMapIDs" visibility="public" complexity="1" crap="1" count="5"/>
        <line num="160" type="stmt" count="5"/>
        <line num="161" type="stmt" count="5"/>
        <line num="166" type="method" name="getChangedIssues" visibility="public" complexity="1" crap="1" count="5"/>
        <line num="168" type="stmt" count="5"/>
        <line num="174" type="method" name="setChangedIssues" visibility="public" complexity="1" crap="1" count="5"/>
        <line num="176" type="stmt" count="5"/>
        <line num="177" type="stmt" count="5"/>
        <line num="182" type="method" name="getRemovedIssueIDs" visibility="public" complexity="1" crap="1" count="5"/>
        <line num="184" type="stmt" count="5"/>
        <line num="190" type="method" name="setRemovedIssueIDs" visibility="public" complexity="1" crap="1" count="5"/>
        <line num="192" type="stmt" count="5"/>
        <line num="193" type="stmt" count="5"/>
        <line num="198" type="method" name="getChangedUser" visibility="public" complexity="2" crap="2" count="5"/>
        <line num="200" type="stmt" count="5"/>
        <line num="206" type="method" name="setChangedUser" visibility="public" complexity="1" crap="1" count="5"/>
        <line num="208" type="stmt" count="5"/>
        <line num="209" type="stmt" count="5"/>
        <metrics loc="210" ncloc="121" classes="1" methods="18" coveredmethods="18" conditionals="0" coveredconditionals="0" statements="27" coveredstatements="27" elements="45" coveredelements="45"/>
      </file>
    </package>
    <package name="App\Api\Response">
      <file name="/home/famoser/Data/Repos/app.mangel.io/src/Api/Response/ErrorResponse.php">
        <class name="App\Api\Response\ErrorResponse" namespace="App\Api\Response">
          <metrics complexity="1" methods="1" coveredmethods="0" conditionals="0" coveredconditionals="0" statements="3" coveredstatements="0" elements="4" coveredelements="0"/>
        </class>
        <line num="24" type="method" name="__construct" visibility="public" complexity="1" crap="2.00" count="0"/>
        <line num="25" type="stmt" count="0"/>
        <line num="26" type="stmt" count="0"/>
        <line num="27" type="stmt" count="0"/>
        <metrics loc="28" ncloc="15" classes="1" methods="1" coveredmethods="0" conditionals="0" coveredconditionals="0" statements="3" coveredstatements="0" elements="4" coveredelements="0"/>
      </file>
      <file name="/home/famoser/Data/Repos/app.mangel.io/src/Api/Response/FailResponse.php">
        <class name="App\Api\Response\FailResponse" namespace="App\Api\Response">
          <metrics complexity="1" methods="1" coveredmethods="1" conditionals="0" coveredconditionals="0" statements="2" coveredstatements="2" elements="3" coveredelements="3"/>
        </class>
        <line num="24" type="method" name="__construct" visibility="public" complexity="1" crap="1" count="4"/>
        <line num="26" type="stmt" count="4"/>
        <line num="27" type="stmt" count="4"/>
        <metrics loc="28" ncloc="15" classes="1" methods="1" coveredmethods="1" conditionals="0" coveredconditionals="0" statements="2" coveredstatements="2" elements="3" coveredelements="3"/>
      </file>
      <file name="/home/famoser/Data/Repos/app.mangel.io/src/Api/Response/SuccessfulResponse.php">
        <class name="App\Api\Response\SuccessfulResponse" namespace="App\Api\Response">
          <metrics complexity="2" methods="2" coveredmethods="2" conditionals="0" coveredconditionals="0" statements="4" coveredstatements="4" elements="6" coveredelements="6"/>
        </class>
        <line num="24" type="method" name="__construct" visibility="public" complexity="1" crap="1" count="6"/>
        <line num="26" type="stmt" count="6"/>
        <line num="27" type="stmt" count="6"/>
        <line num="28" type="stmt" count="6"/>
        <line num="38" type="method" name="getData" visibility="public" complexity="1" crap="1" count="6"/>
        <line num="40" type="stmt" count="6"/>
        <metrics loc="42" ncloc="23" classes="1" methods="2" coveredmethods="2" conditionals="0" coveredconditionals="0" statements="4" coveredstatements="4" elements="6" coveredelements="6"/>
      </file>
    </package>
    <package name="App\Api\Transformer\Base">
      <file name="/home/famoser/Data/Repos/app.mangel.io/src/Api/Transformer/Base/BatchTransformer.php">
        <class name="App\Api\Transformer\Base\BatchTransformer" namespace="App\Api\Transformer\Base">
          <metrics complexity="3" methods="1" coveredmethods="1" conditionals="0" coveredconditionals="0" statements="4" coveredstatements="4" elements="5" coveredelements="5"/>
        </class>
        <line num="23" type="method" name="toApiMultiple" visibility="public" complexity="2" crap="2" count="5"/>
        <line num="25" type="stmt" count="5"/>
        <line num="26" type="stmt" count="5"/>
        <line num="27" type="stmt" count="5"/>
        <line num="30" type="stmt" count="5"/>
        <metrics loc="32" ncloc="19" classes="1" methods="1" coveredmethods="1" conditionals="0" coveredconditionals="0" statements="4" coveredstatements="4" elements="5" coveredelements="5"/>
      </file>
    </package>
    <package name="App\Api\Transformer">
      <file name="/home/famoser/Data/Repos/app.mangel.io/src/Api/Transformer/BuildingTransformer.php">
        <class name="App\Api\Transformer\BuildingTransformer" namespace="App\Api\Transformer">
          <metrics complexity="4" methods="2" coveredmethods="2" conditionals="0" coveredconditionals="0" statements="21" coveredstatements="21" elements="23" coveredelements="23"/>
        </class>
        <line num="26" type="method" name="__construct" visibility="public" complexity="1" crap="1" count="5"/>
        <line num="28" type="stmt" count="5"/>
        <line num="29" type="stmt" count="5"/>
        <line num="36" type="method" name="toApi" visibility="public" complexity="3" crap="3" count="5"/>
        <line num="38" type="stmt" count="5"/>
        <line num="39" type="stmt" count="5"/>
        <line num="40" type="stmt" count="5"/>
        <line num="42" type="stmt" count="5"/>
        <line num="43" type="stmt" count="5"/>
        <line num="44" type="stmt" count="5"/>
        <line num="46" type="stmt" count="5"/>
        <line num="48" type="stmt" count="5"/>
        <line num="49" type="stmt" count="5"/>
        <line num="50" type="stmt" count="5"/>
        <line num="52" type="stmt" count="5"/>
        <line num="54" type="stmt" count="5"/>
        <line num="55" type="stmt" count="5"/>
        <line num="56" type="stmt" count="5"/>
        <line num="57" type="stmt" count="5"/>
        <line num="58" type="stmt" count="5"/>
        <line num="59" type="stmt" count="5"/>
        <line num="61" type="stmt" count="5"/>
        <line num="63" type="stmt" count="5"/>
        <metrics loc="65" ncloc="49" classes="1" methods="2" coveredmethods="2" conditionals="0" coveredconditionals="0" statements="21" coveredstatements="21" elements="23" coveredelements="23"/>
      </file>
      <file name="/home/famoser/Data/Repos/app.mangel.io/src/Api/Transformer/CraftsmanTransformer.php">
        <class name="App\Api\Transformer\CraftsmanTransformer" namespace="App\Api\Transformer">
          <metrics complexity="2" methods="2" coveredmethods="2" conditionals="0" coveredconditionals="0" statements="7" coveredstatements="7" elements="9" coveredelements="9"/>
        </class>
        <line num="25" type="method" name="__construct" visibility="public" complexity="1" crap="1" count="5"/>
        <line num="27" type="stmt" count="5"/>
        <line num="28" type="stmt" count="5"/>
        <line num="35" type="method" name="toApi" visibility="public" complexity="1" crap="1" count="5"/>
        <line num="37" type="stmt" count="5"/>
        <line num="38" type="stmt" count="5"/>
        <line num="39" type="stmt" count="5"/>
        <line num="41" type="stmt" count="5"/>
        <line num="43" type="stmt" count="5"/>
        <metrics loc="45" ncloc="29" classes="1" methods="2" coveredmethods="2" conditionals="0" coveredconditionals="0" statements="7" coveredstatements="7" elements="9" coveredelements="9"/>
      </file>
      <file name="/home/famoser/Data/Repos/app.mangel.io/src/Api/Transformer/IssueTransformer.php">
        <class name="App\Api\Transformer\IssueTransformer" namespace="App\Api\Transformer">
          <metrics complexity="9" methods="3" coveredmethods="3" conditionals="0" coveredconditionals="0" statements="49" coveredstatements="49" elements="52" coveredelements="52"/>
        </class>
        <line num="33" type="method" name="__construct" visibility="public" complexity="1" crap="1" count="5"/>
        <line num="35" type="stmt" count="5"/>
        <line num="36" type="stmt" count="5"/>
        <line num="37" type="stmt" count="5"/>
        <line num="45" type="method" name="fromApi" visibility="public" complexity="2" crap="2" count="3"/>
        <line num="47" type="stmt" count="3"/>
        <line num="48" type="stmt" count="3"/>
        <line num="49" type="stmt" count="3"/>
        <line num="50" type="stmt" count="3"/>
        <line num="52" type="stmt" count="3"/>
        <line num="53" type="stmt" count="3"/>
        <line num="54" type="stmt" count="3"/>
        <line num="55" type="stmt" count="3"/>
        <line num="57" type="stmt" count="1"/>
        <line num="58" type="stmt" count="1"/>
        <line num="59" type="stmt" count="1"/>
        <line num="62" type="stmt" count="3"/>
        <line num="69" type="method" name="toApi" visibility="public" complexity="6" crap="6" count="5"/>
        <line num="71" type="stmt" count="5"/>
        <line num="72" type="stmt" count="5"/>
        <line num="73" type="stmt" count="5"/>
        <line num="74" type="stmt" count="5"/>
        <line num="75" type="stmt" count="5"/>
        <line num="76" type="stmt" count="5"/>
        <line num="78" type="stmt" count="5"/>
        <line num="79" type="stmt" count="5"/>
        <line num="80" type="stmt" count="5"/>
        <line num="81" type="stmt" count="5"/>
        <line num="82" type="stmt" count="5"/>
        <line num="83" type="stmt" count="5"/>
        <line num="86" type="stmt" count="5"/>
        <line num="87" type="stmt" count="5"/>
        <line num="88" type="stmt" count="5"/>
        <line num="89" type="stmt" count="5"/>
        <line num="90" type="stmt" count="5"/>
        <line num="91" type="stmt" count="5"/>
        <line num="93" type="stmt" count="5"/>
        <line num="94" type="stmt" count="5"/>
        <line num="95" type="stmt" count="5"/>
        <line num="96" type="stmt" count="5"/>
        <line num="97" type="stmt" count="5"/>
        <line num="99" type="stmt" count="5"/>
        <line num="100" type="stmt" count="5"/>
        <line num="101" type="stmt" count="5"/>
        <line num="102" type="stmt" count="5"/>
        <line num="103" type="stmt" count="5"/>
        <line num="105" type="stmt" count="5"/>
        <line num="107" type="stmt" count="5"/>
        <line num="108" type="stmt" count="5"/>
        <line num="109" type="stmt" count="5"/>
        <line num="112" type="stmt" count="5"/>
        <line num="114" type="stmt" count="5"/>
        <metrics loc="116" ncloc="92" classes="1" methods="3" coveredmethods="3" conditionals="0" coveredconditionals="0" statements="49" coveredstatements="49" elements="52" coveredelements="52"/>
      </file>
      <file name="/home/famoser/Data/Repos/app.mangel.io/src/Api/Transformer/MapTransformer.php">
        <class name="App\Api\Transformer\MapTransformer" namespace="App\Api\Transformer">
          <metrics complexity="4" methods="2" coveredmethods="2" conditionals="0" coveredconditionals="0" statements="15" coveredstatements="15" elements="17" coveredelements="17"/>
        </class>
        <line num="24" type="method" name="__construct" visibility="public" complexity="1" crap="1" count="5"/>
        <line num="26" type="stmt" count="5"/>
        <line num="27" type="stmt" count="5"/>
        <line num="34" type="method" name="toApi" visibility="public" complexity="3" crap="3" count="5"/>
        <line num="36" type="stmt" count="5"/>
        <line num="37" type="stmt" count="5"/>
        <line num="38" type="stmt" count="5"/>
        <line num="40" type="stmt" count="5"/>
        <line num="41" type="stmt" count="5"/>
        <line num="42" type="stmt" count="5"/>
        <line num="44" type="stmt" count="5"/>
        <line num="46" type="stmt" count="5"/>
        <line num="47" type="stmt" count="5"/>
        <line num="48" type="stmt" count="5"/>
        <line num="50" type="stmt" count="5"/>
        <line num="52" type="stmt" count="5"/>
        <line num="54" type="stmt" count="5"/>
        <metrics loc="56" ncloc="40" classes="1" methods="2" coveredmethods="2" conditionals="0" coveredconditionals="0" statements="15" coveredstatements="15" elements="17" coveredelements="17"/>
      </file>
      <file name="/home/famoser/Data/Repos/app.mangel.io/src/Api/Transformer/ObjectMetaTransformer.php">
        <class name="App\Api\Transformer\ObjectMetaTransformer" namespace="App\Api\Transformer">
          <metrics complexity="1" methods="1" coveredmethods="1" conditionals="0" coveredconditionals="0" statements="4" coveredstatements="4" elements="5" coveredelements="5"/>
        </class>
        <line num="25" type="method" name="toApi" visibility="public" complexity="1" crap="1" count="6"/>
        <line num="27" type="stmt" count="6"/>
        <line num="28" type="stmt" count="6"/>
        <line num="29" type="stmt" count="6"/>
        <line num="31" type="stmt" count="6"/>
        <metrics loc="33" ncloc="20" classes="1" methods="1" coveredmethods="1" conditionals="0" coveredconditionals="0" statements="4" coveredstatements="4" elements="5" coveredelements="5"/>
      </file>
      <file name="/home/famoser/Data/Repos/app.mangel.io/src/Api/Transformer/TransformerFactory.php">
        <class name="App\Api\Transformer\TransformerFactory" namespace="App\Api\Transformer">
          <metrics complexity="6" methods="6" coveredmethods="6" conditionals="0" coveredconditionals="0" statements="11" coveredstatements="11" elements="17" coveredelements="17"/>
        </class>
        <line num="50" type="method" name="__construct" visibility="public" complexity="1" crap="1" count="5"/>
        <line num="52" type="stmt" count="5"/>
        <line num="53" type="stmt" count="5"/>
        <line num="54" type="stmt" count="5"/>
        <line num="55" type="stmt" count="5"/>
        <line num="56" type="stmt" count="5"/>
        <line num="57" type="stmt" count="5"/>
        <line num="62" type="method" name="getBuildingTransformer" visibility="public" complexity="1" crap="1" count="5"/>
        <line num="64" type="stmt" count="5"/>
        <line num="70" type="method" name="getCraftsmanTransformer" visibility="public" complexity="1" crap="1" count="5"/>
        <line num="72" type="stmt" count="5"/>
        <line num="78" type="method" name="getMapTransformer" visibility="public" complexity="1" crap="1" count="5"/>
        <line num="80" type="stmt" count="5"/>
        <line num="86" type="method" name="getIssueTransformer" visibility="public" complexity="1" crap="1" count="5"/>
        <line num="88" type="stmt" count="5"/>
        <line num="94" type="method" name="getUserTransformer" visibility="public" complexity="1" crap="1" count="5"/>
        <line num="96" type="stmt" count="5"/>
        <metrics loc="98" ncloc="51" classes="1" methods="6" coveredmethods="6" conditionals="0" coveredconditionals="0" statements="11" coveredstatements="11" elements="17" coveredelements="17"/>
      </file>
      <file name="/home/famoser/Data/Repos/app.mangel.io/src/Api/Transformer/UserTransformer.php">
        <class name="App\Api\Transformer\UserTransformer" namespace="App\Api\Transformer">
          <metrics complexity="2" methods="2" coveredmethods="2" conditionals="0" coveredconditionals="0" statements="8" coveredstatements="8" elements="10" coveredelements="10"/>
        </class>
        <line num="24" type="method" name="__construct" visibility="public" complexity="1" crap="1" count="6"/>
        <line num="26" type="stmt" count="6"/>
        <line num="27" type="stmt" count="6"/>
        <line num="35" type="method" name="toApi" visibility="public" complexity="1" crap="1" count="6"/>
        <line num="37" type="stmt" count="6"/>
        <line num="38" type="stmt" count="6"/>
        <line num="39" type="stmt" count="6"/>
        <line num="40" type="stmt" count="6"/>
        <line num="41" type="stmt" count="6"/>
        <line num="43" type="stmt" count="6"/>
        <metrics loc="45" ncloc="28" classes="1" methods="2" coveredmethods="2" conditionals="0" coveredconditionals="0" statements="8" coveredstatements="8" elements="10" coveredelements="10"/>
      </file>
    </package>
    <package name="App\Command">
      <file name="/home/famoser/Data/Repos/app.mangel.io/src/Command/SecurityCommand.php">
        <class name="App\Command\SecurityCommand" namespace="App\Command">
          <metrics complexity="1" methods="1" coveredmethods="1" conditionals="0" coveredconditionals="0" statements="2" coveredstatements="2" elements="3" coveredelements="3"/>
        </class>
        <line num="25" type="method" name="__construct" visibility="public" complexity="1" crap="1" count="6"/>
        <line num="27" type="stmt" count="6"/>
        <line num="28" type="stmt" count="6"/>
        <metrics loc="29" ncloc="15" classes="1" methods="1" coveredmethods="1" conditionals="0" coveredconditionals="0" statements="2" coveredstatements="2" elements="3" coveredelements="3"/>
      </file>
    </package>
    <package name="App\Controller\Api\Base">
      <file name="/home/famoser/Data/Repos/app.mangel.io/src/Controller/Api/Base/BaseApiController.php">
        <class name="App\Controller\Api\Base\BaseApiController" namespace="App\Controller\Api\Base">
          <metrics complexity="15" methods="6" coveredmethods="3" conditionals="0" coveredconditionals="0" statements="32" coveredstatements="24" elements="38" coveredelements="27"/>
        </class>
        <line num="54" type="method" name="errorMessageToStatusCode" visibility="private" complexity="10" crap="10.55" count="4"/>
        <line num="57" type="stmt" count="4"/>
        <line num="58" type="stmt" count="4"/>
        <line num="59" type="stmt" count="4"/>
        <line num="60" type="stmt" count="0"/>
        <line num="61" type="stmt" count="4"/>
        <line num="62" type="stmt" count="0"/>
        <line num="63" type="stmt" count="4"/>
        <line num="64" type="stmt" count="1"/>
        <line num="65" type="stmt" count="4"/>
        <line num="66" type="stmt" count="1"/>
        <line num="67" type="stmt" count="3"/>
        <line num="68" type="stmt" count="1"/>
        <line num="69" type="stmt" count="2"/>
        <line num="70" type="stmt" count="2"/>
        <line num="71" type="stmt" count="1"/>
        <line num="72" type="stmt" count="1"/>
        <line num="75" type="stmt" count="0"/>
        <line num="83" type="method" name="getSubscribedServices" visibility="public" complexity="1" crap="2.00" count="0"/>
        <line num="85" type="stmt" count="0"/>
        <line num="96" type="method" name="error" visibility="protected" complexity="1" crap="2.00" count="0"/>
        <line num="98" type="stmt" count="0"/>
        <line num="99" type="stmt" count="0"/>
        <line num="100" type="stmt" count="0"/>
        <line num="102" type="stmt" count="0"/>
        <line num="112" type="method" name="fail" visibility="protected" complexity="1" crap="1" count="4"/>
        <line num="114" type="stmt" count="4"/>
        <line num="115" type="stmt" count="4"/>
        <line num="116" type="stmt" count="4"/>
        <line num="118" type="stmt" count="4"/>
        <line num="128" type="method" name="success" visibility="protected" complexity="1" crap="1" count="6"/>
        <line num="130" type="stmt" count="6"/>
        <line num="145" type="method" name="json" visibility="protected" complexity="1" crap="1" count="6"/>
        <line num="147" type="stmt" count="6"/>
        <line num="149" type="stmt" count="6"/>
        <line num="150" type="stmt" count="6"/>
        <line num="151" type="stmt" count="6"/>
        <line num="153" type="stmt" count="6"/>
        <metrics loc="154" ncloc="110" classes="1" methods="6" coveredmethods="3" conditionals="0" coveredconditionals="0" statements="32" coveredstatements="24" elements="38" coveredelements="27"/>
      </file>
    </package>
    <package name="App\Controller\Api">
      <file name="/home/famoser/Data/Repos/app.mangel.io/src/Controller/Api/FileController.php">
        <class name="App\Controller\Api\FileController" namespace="App\Controller\Api">
          <metrics complexity="24" methods="8" coveredmethods="6" conditionals="0" coveredconditionals="0" statements="36" coveredstatements="28" elements="44" coveredelements="34"/>
        </class>
        <line num="49" type="method" name="fileDownloadAction" visibility="public" complexity="12" crap="17.33" count="1"/>
        <line num="52" type="stmt" count="1"/>
        <line num="53" type="stmt" count="0"/>
        <line num="57" type="stmt" count="1"/>
        <line num="60" type="stmt" count="1"/>
        <line num="61" type="stmt" count="1"/>
        <line num="62" type="stmt" count="0"/>
        <line num="67" type="stmt" count="1"/>
        <line num="68" type="stmt" count="1"/>
        <line num="69" type="stmt" count="0"/>
        <line num="72" type="method" name="anonymousFunction:72#375" complexity="6" crap="7.33" count="1"/>
        <line num="75" type="stmt" count="1"/>
        <line num="78" type="stmt" count="1"/>
        <line num="79" type="stmt" count="0"/>
        <line num="82" type="stmt" count="1"/>
        <line num="83" type="stmt" count="0"/>
        <line num="86" type="stmt" count="1"/>
        <line num="87" type="stmt" count="0"/>
        <line num="90" type="stmt" count="1"/>
        <line num="91" type="stmt" count="1"/>
        <line num="92" type="stmt" count="0"/>
        <line num="95" type="stmt" count="1"/>
        <line num="96" type="stmt" count="1"/>
        <line num="97" type="stmt" count="0"/>
        <line num="100" type="stmt" count="1"/>
        <line num="101" type="stmt" count="1"/>
        <line num="104" type="stmt" count="1"/>
        <line num="105" type="stmt" count="1"/>
        <line num="106" type="stmt" count="1"/>
        <line num="107" type="stmt" count="1"/>
        <line num="108" type="method" name="anonymousFunction:108#644" complexity="1" crap="1" count="1"/>
        <line num="110" type="stmt" count="1"/>
        <line num="111" type="stmt" count="1"/>
        <line num="112" type="method" name="anonymousFunction:112#681" complexity="1" crap="1" count="1"/>
        <line num="114" type="stmt" count="1"/>
        <line num="115" type="stmt" count="1"/>
        <line num="117" type="stmt" count="1"/>
        <line num="118" type="stmt" count="1"/>
        <line num="119" type="stmt" count="1"/>
        <line num="120" type="stmt" count="1"/>
        <line num="121" type="method" name="anonymousFunction:121#749" complexity="1" crap="1" count="1"/>
        <line num="123" type="stmt" count="1"/>
        <line num="124" type="stmt" count="1"/>
        <line num="125" type="method" name="anonymousFunction:125#790" complexity="1" crap="1" count="1"/>
        <line num="127" type="stmt" count="1"/>
        <line num="128" type="stmt" count="1"/>
        <line num="130" type="stmt" count="1"/>
        <line num="131" type="stmt" count="1"/>
        <line num="132" type="stmt" count="1"/>
        <line num="133" type="stmt" count="1"/>
        <line num="134" type="method" name="anonymousFunction:134#858" complexity="1" crap="1" count="1"/>
        <line num="136" type="stmt" count="1"/>
        <line num="137" type="stmt" count="1"/>
        <line num="138" type="method" name="anonymousFunction:138#891" complexity="1" crap="1" count="1"/>
        <line num="140" type="stmt" count="1"/>
        <line num="141" type="stmt" count="1"/>
        <line num="146" type="stmt" count="0"/>
        <metrics loc="148" ncloc="103" classes="1" methods="8" coveredmethods="6" conditionals="0" coveredconditionals="0" statements="49" coveredstatements="40" elements="57" coveredelements="46"/>
      </file>
      <file name="/home/famoser/Data/Repos/app.mangel.io/src/Controller/Api/IssueController.php">
        <class name="App\Controller\Api\IssueController" namespace="App\Controller\Api">
          <metrics complexity="55" methods="12" coveredmethods="8" conditionals="0" coveredconditionals="0" statements="134" coveredstatements="116" elements="146" coveredelements="124"/>
        </class>
        <line num="54" type="method" name="issueCreateAction" visibility="public" complexity="1" crap="1" count="1"/>
        <line num="56" type="stmt" count="1"/>
        <line num="71" type="method" name="issueUpdateAction" visibility="public" complexity="1" crap="1" count="2"/>
        <line num="73" type="stmt" count="2"/>
        <line num="88" type="method" name="processIssueModifyRequest" visibility="private" complexity="26" crap="30.06" count="3"/>
        <line num="91" type="stmt" count="3"/>
        <line num="92" type="stmt" count="3"/>
        <line num="93" type="stmt" count="3"/>
        <line num="95" type="stmt" count="3"/>
        <line num="96" type="stmt" count="0"/>
        <line num="100" type="stmt" count="3"/>
        <line num="103" type="stmt" count="3"/>
        <line num="104" type="stmt" count="3"/>
        <line num="105" type="stmt" count="0"/>
        <line num="110" type="stmt" count="3"/>
        <line num="111" type="stmt" count="3"/>
        <line num="112" type="stmt" count="0"/>
        <line num="115" type="stmt" count="3"/>
        <line num="116" type="stmt" count="3"/>
        <line num="117" type="stmt" count="3"/>
        <line num="119" type="stmt" count="1"/>
        <line num="120" type="stmt" count="1"/>
        <line num="121" type="stmt" count="1"/>
        <line num="123" type="stmt" count="1"/>
        <line num="124" type="stmt" count="2"/>
        <line num="126" type="stmt" count="2"/>
        <line num="127" type="stmt" count="2"/>
        <line num="128" type="stmt" count="1"/>
        <line num="130" type="stmt" count="2"/>
        <line num="131" type="stmt" count="2"/>
        <line num="133" type="stmt" count="0"/>
        <line num="137" type="stmt" count="3"/>
        <line num="138" type="stmt" count="3"/>
        <line num="139" type="stmt" count="3"/>
        <line num="142" type="stmt" count="3"/>
        <line num="144" type="stmt" count="3"/>
        <line num="145" type="stmt" count="3"/>
        <line num="146" type="stmt" count="0"/>
        <line num="148" type="stmt" count="3"/>
        <line num="149" type="stmt" count="0"/>
        <line num="151" type="stmt" count="3"/>
        <line num="155" type="stmt" count="3"/>
        <line num="157" type="stmt" count="2"/>
        <line num="158" type="stmt" count="2"/>
        <line num="159" type="stmt" count="0"/>
        <line num="161" type="stmt" count="2"/>
        <line num="162" type="stmt" count="0"/>
        <line num="164" type="stmt" count="2"/>
        <line num="168" type="stmt" count="3"/>
        <line num="169" type="stmt" count="3"/>
        <line num="170" type="stmt" count="0"/>
        <line num="174" type="stmt" count="3"/>
        <line num="175" type="stmt" count="0"/>
        <line num="177" type="stmt" count="3"/>
        <line num="178" type="stmt" count="0"/>
        <line num="182" type="stmt" count="3"/>
        <line num="184" type="stmt" count="1"/>
        <line num="185" type="stmt" count="1"/>
        <line num="186" type="stmt" count="0"/>
        <line num="188" type="stmt" count="1"/>
        <line num="189" type="stmt" count="1"/>
        <line num="194" type="stmt" count="3"/>
        <line num="196" type="stmt" count="1"/>
        <line num="199" type="stmt" count="1"/>
        <line num="200" type="stmt" count="1"/>
        <line num="201" type="stmt" count="1"/>
        <line num="202" type="stmt" count="1"/>
        <line num="205" type="stmt" count="1"/>
        <line num="206" type="stmt" count="1"/>
        <line num="208" type="stmt" count="2"/>
        <line num="212" type="stmt" count="3"/>
        <line num="227" type="method" name="issueDeleteAction" visibility="public" complexity="2" crap="2" count="1"/>
        <line num="229" type="stmt" count="1"/>
        <line num="230" type="stmt" count="1"/>
        <line num="231" type="stmt" count="1"/>
        <line num="232" type="stmt" count="1"/>
        <line num="233" type="stmt" count="1"/>
        <line num="234" type="method" name="anonymousFunction:234#1594" complexity="2" crap="2.03" count="1"/>
        <line num="236" type="stmt" count="1"/>
        <line num="237" type="stmt" count="1"/>
        <line num="239" type="stmt" count="1"/>
        <line num="242" type="stmt" count="0"/>
        <line num="243" type="stmt" count="1"/>
        <line num="259" type="method" name="issueMarkAction" visibility="public" complexity="1" crap="1" count="1"/>
        <line num="261" type="stmt" count="1"/>
        <line num="262" type="stmt" count="1"/>
        <line num="263" type="stmt" count="1"/>
        <line num="264" type="stmt" count="1"/>
        <line num="265" type="stmt" count="1"/>
        <line num="266" type="method" name="anonymousFunction:266#1712" complexity="1" crap="1" count="1"/>
        <line num="268" type="stmt" count="1"/>
        <line num="269" type="stmt" count="1"/>
        <line num="271" type="stmt" count="1"/>
        <line num="272" type="stmt" count="1"/>
        <line num="288" type="method" name="issueReviewAction" visibility="public" complexity="3" crap="3" count="1"/>
        <line num="290" type="stmt" count="1"/>
        <line num="291" type="stmt" count="1"/>
        <line num="292" type="stmt" count="1"/>
        <line num="293" type="stmt" count="1"/>
        <line num="294" type="stmt" count="1"/>
        <line num="295" type="method" name="anonymousFunction:295#1804" complexity="3" crap="3" count="1"/>
        <line num="298" type="stmt" count="1"/>
        <line num="299" type="stmt" count="1"/>
        <line num="300" type="stmt" count="1"/>
        <line num="301" type="stmt" count="1"/>
        <line num="303" type="stmt" count="1"/>
        <line num="306" type="stmt" count="1"/>
        <line num="307" type="stmt" count="1"/>
        <line num="323" type="method" name="issueRevertAction" visibility="public" complexity="4" crap="4" count="1"/>
        <line num="325" type="stmt" count="1"/>
        <line num="326" type="stmt" count="1"/>
        <line num="327" type="stmt" count="1"/>
        <line num="328" type="stmt" count="1"/>
        <line num="329" type="stmt" count="1"/>
        <line num="330" type="method" name="anonymousFunction:330#1951" complexity="4" crap="4.01" count="1"/>
        <line num="332" type="stmt" count="1"/>
        <line num="333" type="stmt" count="1"/>
        <line num="334" type="stmt" count="1"/>
        <line num="335" type="stmt" count="1"/>
        <line num="336" type="stmt" count="1"/>
        <line num="337" type="stmt" count="1"/>
        <line num="338" type="stmt" count="1"/>
        <line num="340" type="stmt" count="1"/>
        <line num="342" type="stmt" count="1"/>
        <line num="344" type="stmt" count="1"/>
        <line num="347" type="stmt" count="0"/>
        <line num="348" type="stmt" count="1"/>
        <line num="363" type="method" name="processIssueActionRequest" visibility="private" complexity="7" crap="7.54" count="1"/>
        <line num="366" type="stmt" count="1"/>
        <line num="367" type="stmt" count="0"/>
        <line num="371" type="stmt" count="1"/>
        <line num="374" type="stmt" count="1"/>
        <line num="375" type="stmt" count="1"/>
        <line num="376" type="stmt" count="0"/>
        <line num="381" type="stmt" count="1"/>
        <line num="382" type="stmt" count="1"/>
        <line num="383" type="stmt" count="0"/>
        <line num="388" type="stmt" count="1"/>
        <line num="389" type="stmt" count="1"/>
        <line num="390" type="stmt" count="1"/>
        <line num="393" type="stmt" count="1"/>
        <line num="394" type="stmt" count="0"/>
        <line num="398" type="stmt" count="1"/>
        <line num="399" type="stmt" count="1"/>
        <line num="400" type="stmt" count="1"/>
        <line num="404" type="stmt" count="1"/>
        <metrics loc="406" ncloc="240" classes="1" methods="12" coveredmethods="8" conditionals="0" coveredconditionals="0" statements="134" coveredstatements="116" elements="146" coveredelements="124"/>
      </file>
      <file name="/home/famoser/Data/Repos/app.mangel.io/src/Controller/Api/LoginController.php">
        <class name="App\Controller\Api\LoginController" namespace="App\Controller\Api">
          <metrics complexity="5" methods="1" coveredmethods="0" conditionals="0" coveredconditionals="0" statements="16" coveredstatements="14" elements="17" coveredelements="14"/>
        </class>
        <line num="43" type="method" name="loginAction" visibility="public" complexity="5" crap="5.05" count="6"/>
        <line num="46" type="stmt" count="6"/>
        <line num="47" type="stmt" count="0"/>
        <line num="51" type="stmt" count="6"/>
        <line num="54" type="stmt" count="6"/>
        <line num="55" type="stmt" count="6"/>
        <line num="56" type="stmt" count="0"/>
        <line num="61" type="stmt" count="6"/>
        <line num="62" type="stmt" count="6"/>
        <line num="63" type="stmt" count="1"/>
        <line num="65" type="stmt" count="6"/>
        <line num="66" type="stmt" count="1"/>
        <line num="70" type="stmt" count="6"/>
        <line num="71" type="stmt" count="6"/>
        <line num="74" type="stmt" count="6"/>
        <line num="75" type="stmt" count="6"/>
        <line num="77" type="stmt" count="6"/>
        <metrics loc="79" ncloc="44" classes="1" methods="1" coveredmethods="0" conditionals="0" coveredconditionals="0" statements="16" coveredstatements="14" elements="17" coveredelements="14"/>
      </file>
      <file name="/home/famoser/Data/Repos/app.mangel.io/src/Controller/Api/ReadController.php">
        <class name="App\Controller\Api\ReadController" namespace="App\Controller\Api">
          <metrics complexity="20" methods="4" coveredmethods="2" conditionals="0" coveredconditionals="0" statements="143" coveredstatements="139" elements="147" coveredelements="141"/>
        </class>
        <line num="54" type="method" name="readAction" visibility="public" complexity="5" crap="5.06" count="5"/>
        <line num="57" type="stmt" count="5"/>
        <line num="58" type="stmt" count="0"/>
        <line num="62" type="stmt" count="5"/>
        <line num="65" type="stmt" count="5"/>
        <line num="66" type="stmt" count="5"/>
        <line num="67" type="stmt" count="0"/>
        <line num="72" type="stmt" count="5"/>
        <line num="73" type="stmt" count="5"/>
        <line num="74" type="stmt" count="0"/>
        <line num="78" type="stmt" count="5"/>
        <line num="79" type="stmt" count="5"/>
        <line num="80" type="stmt" count="5"/>
        <line num="82" type="stmt" count="5"/>
        <line num="83" type="stmt" count="5"/>
        <line num="84" type="stmt" count="5"/>
        <line num="85" type="stmt" count="5"/>
        <line num="86" type="stmt" count="5"/>
        <line num="87" type="stmt" count="5"/>
        <line num="88" type="stmt" count="5"/>
        <line num="89" type="stmt" count="5"/>
        <line num="92" type="stmt" count="5"/>
        <line num="95" type="stmt" count="5"/>
        <line num="106" type="method" name="processObjectMeta" visibility="private" complexity="6" crap="6" count="5"/>
        <line num="109" type="stmt" count="5"/>
        <line num="110" type="stmt" count="5"/>
        <line num="111" type="stmt" count="5"/>
        <line num="112" type="stmt" count="5"/>
        <line num="117" type="stmt" count="5"/>
        <line num="118" type="stmt" count="5"/>
        <line num="119" type="stmt" count="5"/>
        <line num="122" type="stmt" count="5"/>
        <line num="124" type="stmt" count="5"/>
        <line num="125" type="stmt" count="5"/>
        <line num="127" type="stmt" count="5"/>
        <line num="128" type="stmt" count="5"/>
        <line num="131" type="stmt" count="5"/>
        <line num="134" type="stmt" count="5"/>
        <line num="135" type="stmt" count="0"/>
        <line num="139" type="stmt" count="5"/>
        <line num="140" type="stmt" count="5"/>
        <line num="141" type="stmt" count="5"/>
        <line num="144" type="stmt" count="5"/>
        <line num="145" type="stmt" count="5"/>
        <line num="147" type="stmt" count="5"/>
        <line num="150" type="stmt" count="5"/>
        <line num="151" type="stmt" count="5"/>
        <line num="152" type="stmt" count="5"/>
        <line num="155" type="stmt" count="5"/>
        <line num="156" type="stmt" count="5"/>
        <line num="157" type="stmt" count="5"/>
        <line num="160" type="stmt" count="5"/>
        <line num="164" type="stmt" count="5"/>
        <line num="165" type="stmt" count="5"/>
        <line num="166" type="stmt" count="5"/>
        <line num="169" type="stmt" count="5"/>
        <line num="170" type="stmt" count="5"/>
        <line num="172" type="stmt" count="5"/>
        <line num="173" type="stmt" count="5"/>
        <line num="176" type="stmt" count="5"/>
        <line num="179" type="stmt" count="5"/>
        <line num="180" type="stmt" count="5"/>
        <line num="181" type="stmt" count="5"/>
        <line num="184" type="stmt" count="5"/>
        <line num="185" type="stmt" count="5"/>
        <line num="187" type="stmt" count="5"/>
        <line num="190" type="stmt" count="5"/>
        <line num="191" type="stmt" count="5"/>
        <line num="192" type="stmt" count="5"/>
        <line num="195" type="stmt" count="5"/>
        <line num="196" type="stmt" count="5"/>
        <line num="197" type="stmt" count="5"/>
        <line num="203" type="stmt" count="5"/>
        <line num="204" type="stmt" count="5"/>
        <line num="205" type="stmt" count="5"/>
        <line num="208" type="stmt" count="5"/>
        <line num="209" type="stmt" count="5"/>
        <line num="211" type="stmt" count="5"/>
        <line num="212" type="stmt" count="5"/>
        <line num="215" type="stmt" count="5"/>
        <line num="218" type="stmt" count="5"/>
        <line num="219" type="stmt" count="5"/>
        <line num="220" type="stmt" count="5"/>
        <line num="223" type="stmt" count="5"/>
        <line num="224" type="stmt" count="5"/>
        <line num="226" type="stmt" count="5"/>
        <line num="229" type="stmt" count="5"/>
        <line num="230" type="stmt" count="5"/>
        <line num="231" type="stmt" count="5"/>
        <line num="234" type="stmt" count="5"/>
        <line num="235" type="stmt" count="5"/>
        <line num="236" type="stmt" count="5"/>
        <line num="239" type="stmt" count="5"/>
        <line num="243" type="stmt" count="5"/>
        <line num="244" type="stmt" count="5"/>
        <line num="245" type="stmt" count="5"/>
        <line num="248" type="stmt" count="5"/>
        <line num="249" type="stmt" count="5"/>
        <line num="251" type="stmt" count="5"/>
        <line num="252" type="stmt" count="5"/>
        <line num="255" type="stmt" count="5"/>
        <line num="258" type="stmt" count="5"/>
        <line num="259" type="stmt" count="5"/>
        <line num="260" type="stmt" count="5"/>
        <line num="263" type="stmt" count="5"/>
        <line num="264" type="stmt" count="5"/>
        <line num="266" type="stmt" count="5"/>
        <line num="269" type="stmt" count="5"/>
        <line num="270" type="stmt" count="5"/>
        <line num="271" type="stmt" count="5"/>
        <line num="274" type="stmt" count="5"/>
        <line num="275" type="stmt" count="5"/>
        <line num="276" type="stmt" count="5"/>
        <line num="279" type="stmt" count="5"/>
        <line num="290" type="method" name="filterIds" visibility="private" complexity="4" crap="4" count="5"/>
        <line num="292" type="stmt" count="5"/>
        <line num="293" type="stmt" count="5"/>
        <line num="294" type="stmt" count="1"/>
        <line num="297" type="stmt" count="5"/>
        <line num="298" type="stmt" count="5"/>
        <line num="299" type="stmt" count="5"/>
        <line num="300" type="stmt" count="5"/>
        <line num="301" type="stmt" count="5"/>
        <line num="302" type="stmt" count="1"/>
        <line num="303" type="stmt" count="1"/>
        <line num="305" type="stmt" count="5"/>
        <line num="307" type="stmt" count="5"/>
        <line num="317" type="method" name="addUpdateUnknownConditions" visibility="private" complexity="5" crap="5" count="5"/>
        <line num="319" type="stmt" count="5"/>
        <line num="321" type="stmt" count="5"/>
        <line num="322" type="stmt" count="1"/>
        <line num="325" type="stmt" count="1"/>
        <line num="326" type="stmt" count="1"/>
        <line num="327" type="stmt" count="1"/>
        <line num="328" type="stmt" count="1"/>
        <line num="329" type="stmt" count="1"/>
        <line num="330" type="stmt" count="1"/>
        <line num="332" type="stmt" count="1"/>
        <line num="333" type="stmt" count="1"/>
        <line num="335" type="stmt" count="1"/>
        <line num="337" type="stmt" count="1"/>
        <line num="338" type="stmt" count="1"/>
        <line num="342" type="stmt" count="5"/>
        <line num="343" type="stmt" count="1"/>
        <line num="346" type="stmt" count="5"/>
        <line num="349" type="stmt" count="5"/>
        <line num="350" type="stmt" count="5"/>
        <metrics loc="351" ncloc="212" classes="1" methods="4" coveredmethods="2" conditionals="0" coveredconditionals="0" statements="143" coveredstatements="139" elements="147" coveredelements="141"/>
      </file>
    </package>
    <package name="App\Controller\Base">
      <file name="/home/famoser/Data/Repos/app.mangel.io/src/Controller/Base/BaseController.php">
        <class name="App\Controller\Base\BaseController" namespace="App\Controller\Base">
[...]
        <class name="App\Helper\DateTimeFormatter" namespace="App\Helper">
          <metrics complexity="0" methods="0" coveredmethods="0" conditionals="0" coveredconditionals="0" statements="0" coveredstatements="0" elements="0" coveredelements="0"/>
        </class>
        <metrics loc="18" ncloc="10" classes="0" methods="0" coveredmethods="0" conditionals="0" coveredconditionals="0" statements="0" coveredstatements="0" elements="0" coveredelements="0"/>
      </file>
      <file name="/home/famoser/Data/Repos/app.mangel.io/src/Helper/HashHelper.php">
        <class name="App\Helper\HashHelper" namespace="App\Helper">
          <metrics complexity="6" methods="1" coveredmethods="1" conditionals="0" coveredconditionals="0" statements="13" coveredstatements="13" elements="14" coveredelements="14"/>
        </class>
        <line num="23" type="method" name="getHash" visibility="public" complexity="6" crap="6" count="6"/>
        <line num="25" type="stmt" count="6"/>
        <line num="27" type="stmt" count="6"/>
        <line num="28" type="stmt" count="6"/>
        <line num="29" type="stmt" count="6"/>
        <line num="30" type="stmt" count="6"/>
        <line num="31" type="stmt" count="6"/>
        <line num="32" type="stmt" count="6"/>
        <line num="33" type="stmt" count="6"/>
        <line num="34" type="stmt" count="6"/>
        <line num="37" type="stmt" count="6"/>
        <line num="38" type="stmt" count="6"/>
        <line num="40" type="stmt" count="6"/>
        <line num="44" type="stmt" count="6"/>
        <metrics loc="46" ncloc="31" classes="1" methods="1" coveredmethods="1" conditionals="0" coveredconditionals="0" statements="13" coveredstatements="13" elements="14" coveredelements="14"/>
      </file>
    </package>
    <package name="App">
      <file name="/home/famoser/Data/Repos/app.mangel.io/src/Kernel.php">
        <class name="App\Kernel" namespace="App">
          <metrics complexity="11" methods="5" coveredmethods="2" conditionals="0" coveredconditionals="0" statements="23" coveredstatements="6" elements="28" coveredelements="8"/>
        </class>
        <line num="26" type="method" name="getCacheDir" visibility="public" complexity="1" crap="1" count="7"/>
        <line num="28" type="stmt" count="7"/>
        <line num="31" type="method" name="getLogDir" visibility="public" complexity="1" crap="2.00" count="0"/>
        <line num="33" type="stmt" count="0"/>
        <line num="36" type="method" name="registerBundles" visibility="public" complexity="4" crap="4" count="7"/>
        <line num="38" type="stmt" count="7"/>
        <line num="39" type="stmt" count="7"/>
        <line num="40" type="stmt" count="7"/>
        <line num="41" type="stmt" count="7"/>
        <line num="44" type="stmt" count="7"/>
        <line num="46" type="method" name="configureContainer" visibility="protected" complexity="2" crap="6.00" count="0"/>
        <line num="48" type="stmt" count="0"/>
        <line num="49" type="stmt" count="0"/>
        <line num="50" type="stmt" count="0"/>
        <line num="51" type="stmt" count="0"/>
        <line num="52" type="stmt" count="0"/>
        <line num="53" type="stmt" count="0"/>
        <line num="55" type="stmt" count="0"/>
        <line num="56" type="stmt" count="0"/>
        <line num="57" type="stmt" count="0"/>
        <line num="59" type="method" name="configureRoutes" visibility="protected" complexity="3" crap="12.00" count="0"/>
        <line num="61" type="stmt" count="0"/>
        <line num="62" type="stmt" count="0"/>
        <line num="63" type="stmt" count="0"/>
        <line num="65" type="stmt" count="0"/>
        <line num="66" type="stmt" count="0"/>
        <line num="68" type="stmt" count="0"/>
        <line num="69" type="stmt" count="0"/>
        <metrics loc="70" ncloc="62" classes="1" methods="5" coveredmethods="2" conditionals="0" coveredconditionals="0" statements="23" coveredstatements="6" elements="28" coveredelements="8"/>
      </file>
    </package>
    <package name="DoctrineMigrations">
      <file name="/home/famoser/Data/Repos/app.mangel.io/src/Migrations/Version20180620113224.php">
        <class name="DoctrineMigrations\Version20180620113224" namespace="DoctrineMigrations">
          <metrics complexity="2" methods="2" coveredmethods="0" conditionals="0" coveredconditionals="0" statements="33" coveredstatements="0" elements="35" coveredelements="0"/>
        </class>
        <line num="24" type="method" name="up" visibility="public" complexity="1" crap="2.00" count="0"/>
        <line num="27" type="stmt" count="0"/>
        <line num="29" type="stmt" count="0"/>
        <line num="31" type="stmt" count="0"/>
        <line num="32" type="stmt" count="0"/>
        <line num="36" type="stmt" count="0"/>
        <line num="37" type="stmt" count="0"/>
        <line num="38" type="stmt" count="0"/>
        <line num="40" type="stmt" count="0"/>
        <line num="43" type="stmt" count="0"/>
        <line num="44" type="stmt" count="0"/>
        <line num="46" type="stmt" count="0"/>
        <line num="49" type="stmt" count="0"/>
        <line num="50" type="stmt" count="0"/>
        <line num="51" type="stmt" count="0"/>
        <line num="54" type="stmt" count="0"/>
        <line num="55" type="stmt" count="0"/>
        <line num="63" type="stmt" count="0"/>
        <line num="64" type="stmt" count="0"/>
        <line num="65" type="stmt" count="0"/>
        <line num="66" type="stmt" count="0"/>
        <line num="67" type="stmt" count="0"/>
        <line num="68" type="stmt" count="0"/>
        <line num="69" type="stmt" count="0"/>
        <line num="71" type="method" name="down" visibility="public" complexity="1" crap="2.00" count="0"/>
        <line num="74" type="stmt" count="0"/>
        <line num="76" type="stmt" count="0"/>
        <line num="77" type="stmt" count="0"/>
        <line num="78" type="stmt" count="0"/>
        <line num="79" type="stmt" count="0"/>
        <line num="80" type="stmt" count="0"/>
        <line num="81" type="stmt" count="0"/>
        <line num="82" type="stmt" count="0"/>
        <line num="83" type="stmt" count="0"/>
        <line num="84" type="stmt" count="0"/>
        <metrics loc="85" ncloc="70" classes="1" methods="2" coveredmethods="0" conditionals="0" coveredconditionals="0" statements="33" coveredstatements="0" elements="35" coveredelements="0"/>
      </file>
      <file name="/home/famoser/Data/Repos/app.mangel.io/src/Migrations/Version20180621081713.php">
        <class name="DoctrineMigrations\Version20180621081713" namespace="DoctrineMigrations">
          <metrics complexity="2" methods="2" coveredmethods="0" conditionals="0" coveredconditionals="0" statements="102" coveredstatements="0" elements="104" coveredelements="0"/>
        </class>
        <line num="24" type="method" name="up" visibility="public" complexity="1" crap="2.00" count="0"/>
        <line num="27" type="stmt" count="0"/>
        <line num="29" type="stmt" count="0"/>
        <line num="30" type="stmt" count="0"/>
        <line num="31" type="stmt" count="0"/>
        <line num="32" type="stmt" count="0"/>
        <line num="33" type="stmt" count="0"/>
        <line num="37" type="stmt" count="0"/>
        <line num="38" type="stmt" count="0"/>
        <line num="39" type="stmt" count="0"/>
        <line num="40" type="stmt" count="0"/>
        <line num="41" type="stmt" count="0"/>
        <line num="42" type="stmt" count="0"/>
        <line num="43" type="stmt" count="0"/>
        <line num="44" type="stmt" count="0"/>
        <line num="47" type="stmt" count="0"/>
        <line num="48" type="stmt" count="0"/>
        <line num="49" type="stmt" count="0"/>
        <line num="50" type="stmt" count="0"/>
        <line num="51" type="stmt" count="0"/>
        <line num="52" type="stmt" count="0"/>
        <line num="53" type="stmt" count="0"/>
        <line num="54" type="stmt" count="0"/>
        <line num="57" type="stmt" count="0"/>
        <line num="58" type="stmt" count="0"/>
        <line num="59" type="stmt" count="0"/>
        <line num="60" type="stmt" count="0"/>
        <line num="61" type="stmt" count="0"/>
        <line num="62" type="stmt" count="0"/>
        <line num="63" type="stmt" count="0"/>
        <line num="64" type="stmt" count="0"/>
        <line num="67" type="stmt" count="0"/>
        <line num="68" type="stmt" count="0"/>
        <line num="69" type="stmt" count="0"/>
        <line num="70" type="stmt" count="0"/>
        <line num="71" type="stmt" count="0"/>
        <line num="72" type="stmt" count="0"/>
        <line num="73" type="stmt" count="0"/>
        <line num="74" type="stmt" count="0"/>
        <line num="75" type="stmt" count="0"/>
        <line num="76" type="stmt" count="0"/>
        <line num="77" type="stmt" count="0"/>
        <line num="78" type="stmt" count="0"/>
        <line num="86" type="stmt" count="0"/>
        <line num="87" type="stmt" count="0"/>
        <line num="88" type="stmt" count="0"/>
        <line num="89" type="stmt" count="0"/>
        <line num="90" type="stmt" count="0"/>
        <line num="91" type="stmt" count="0"/>
        <line num="92" type="stmt" count="0"/>
        <line num="93" type="stmt" count="0"/>
        <line num="94" type="stmt" count="0"/>
        <line num="96" type="method" name="down" visibility="public" complexity="1" crap="2.00" count="0"/>
        <line num="99" type="stmt" count="0"/>
        <line num="101" type="stmt" count="0"/>
        <line num="102" type="stmt" count="0"/>
        <line num="103" type="stmt" count="0"/>
        <line num="104" type="stmt" count="0"/>
        <line num="107" type="stmt" count="0"/>
        <line num="108" type="stmt" count="0"/>
        <line num="109" type="stmt" count="0"/>
        <line num="110" type="stmt" count="0"/>
        <line num="111" type="stmt" count="0"/>
        <line num="112" type="stmt" count="0"/>
        <line num="113" type="stmt" count="0"/>
        <line num="114" type="stmt" count="0"/>
        <line num="117" type="stmt" count="0"/>
        <line num="118" type="stmt" count="0"/>
        <line num="119" type="stmt" count="0"/>
        <line num="120" type="stmt" count="0"/>
        <line num="121" type="stmt" count="0"/>
        <line num="122" type="stmt" count="0"/>
        <line num="123" type="stmt" count="0"/>
        <line num="124" type="stmt" count="0"/>
        <line num="127" type="stmt" count="0"/>
        <line num="128" type="stmt" count="0"/>
        <line num="129" type="stmt" count="0"/>
        <line num="130" type="stmt" count="0"/>
        <line num="131" type="stmt" count="0"/>
        <line num="132" type="stmt" count="0"/>
        <line num="133" type="stmt" count="0"/>
        <line num="134" type="stmt" count="0"/>
        <line num="135" type="stmt" count="0"/>
        <line num="136" type="stmt" count="0"/>
        <line num="137" type="stmt" count="0"/>
        <line num="138" type="stmt" count="0"/>
        <line num="146" type="stmt" count="0"/>
        <line num="147" type="stmt" count="0"/>
        <line num="148" type="stmt" count="0"/>
        <line num="149" type="stmt" count="0"/>
        <line num="150" type="stmt" count="0"/>
        <line num="151" type="stmt" count="0"/>
        <line num="152" type="stmt" count="0"/>
        <line num="153" type="stmt" count="0"/>
        <line num="154" type="stmt" count="0"/>
        <line num="155" type="stmt" count="0"/>
        <line num="156" type="stmt" count="0"/>
        <line num="157" type="stmt" count="0"/>
        <line num="158" type="stmt" count="0"/>
        <line num="162" type="stmt" count="0"/>
        <line num="163" type="stmt" count="0"/>
        <line num="164" type="stmt" count="0"/>
        <line num="165" type="stmt" count="0"/>
        <line num="166" type="stmt" count="0"/>
        <metrics loc="167" ncloc="152" classes="1" methods="2" coveredmethods="0" conditionals="0" coveredconditionals="0" statements="102" coveredstatements="0" elements="104" coveredelements="0"/>
      </file>
    </package>
    <package name="App\Model">
      <file name="/home/famoser/Data/Repos/app.mangel.io/src/Model/Breadcrumb.php">
        <class name="App\Model\Breadcrumb" namespace="App\Model">
          <metrics complexity="3" methods="3" coveredmethods="0" conditionals="0" coveredconditionals="0" statements="10" coveredstatements="0" elements="13" coveredelements="0"/>
        </class>
        <line num="32" type="method" name="__construct" visibility="public" complexity="1" crap="2.00" count="0"/>
        <line num="33" type="stmt" count="0"/>
        <line num="34" type="stmt" count="0"/>
        <line num="35" type="stmt" count="0"/>
        <line num="36" type="stmt" count="0"/>
        <line num="41" type="method" name="getPath" visibility="public" complexity="1" crap="2.00" count="0"/>
        <line num="42" type="stmt" count="0"/>
        <line num="43" type="stmt" count="0"/>
        <line num="44" type="stmt" count="0"/>
        <line num="49" type="method" name="getName" visibility="public" complexity="1" crap="2.00" count="0"/>
        <line num="50" type="stmt" count="0"/>
        <line num="51" type="stmt" count="0"/>
        <line num="52" type="stmt" count="0"/>
        <metrics loc="53" ncloc="27" classes="1" methods="3" coveredmethods="0" conditionals="0" coveredconditionals="0" statements="10" coveredstatements="0" elements="13" coveredelements="0"/>
      </file>
    </package>
    <package name="App\Repository">
      <file name="/home/famoser/Data/Repos/app.mangel.io/src/Repository/AuthenticationTokenRepository.php">
        <class name="App\Repository\AuthenticationTokenRepository" namespace="App\Repository">
          <metrics complexity="4" methods="1" coveredmethods="0" conditionals="0" coveredconditionals="0" statements="8" coveredstatements="6" elements="9" coveredelements="6"/>
        </class>
        <line num="31" type="method" name="getConstructionManager" visibility="public" complexity="4" crap="4.25" count="5"/>
        <line num="33" type="stmt" count="5"/>
        <line num="34" type="stmt" count="0"/>
        <line num="38" type="stmt" count="5"/>
        <line num="39" type="stmt" count="5"/>
        <line num="41" type="stmt" count="5"/>
        <line num="42" type="stmt" count="5"/>
        <line num="45" type="stmt" count="5"/>
        <line num="48" type="stmt" count="0"/>
        <metrics loc="50" ncloc="27" classes="1" methods="1" coveredmethods="0" conditionals="0" coveredconditionals="0" statements="8" coveredstatements="6" elements="9" coveredelements="6"/>
      </file>
    </package>
    <package name="App\Security\Base">
      <file name="/home/famoser/Data/Repos/app.mangel.io/src/Security/Base/BaseUserProvider.php">
        <class name="App\Security\Base\BaseUserProvider" namespace="App\Security\Base">
          <metrics complexity="3" methods="0" coveredmethods="0" conditionals="0" coveredconditionals="0" statements="0" coveredstatements="0" elements="0" coveredelements="0"/>
        </class>
        <metrics loc="59" ncloc="18" classes="0" methods="0" coveredmethods="0" conditionals="0" coveredconditionals="0" statements="0" coveredstatements="0" elements="0" coveredelements="0"/>
      </file>
    </package>
    <package name="App\Security">
      <file name="/home/famoser/Data/Repos/app.mangel.io/src/Security/ConstructionManagerProvider.php">
        <class name="App\Security\ConstructionManagerProvider" namespace="App\Security">
          <metrics complexity="6" methods="4" coveredmethods="1" conditionals="0" coveredconditionals="0" statements="12" coveredstatements="2" elements="16" coveredelements="3"/>
        </class>
        <line num="33" type="method" name="__construct" visibility="public" complexity="1" crap="1" count="7"/>
        <line num="35" type="stmt" count="7"/>
        <line num="36" type="stmt" count="7"/>
        <line num="52" type="method" name="refreshUser" visibility="public" complexity="2" crap="6.00" count="0"/>
        <line num="54" type="stmt" count="0"/>
        <line num="55" type="stmt" count="0"/>
        <line num="56" type="stmt" count="0"/>
        <line num="60" type="stmt" count="0"/>
        <line num="75" type="method" name="loadUserByUsername" visibility="public" complexity="2" crap="6.00" count="0"/>
        <line num="77" type="stmt" count="0"/>
        <line num="78" type="stmt" count="0"/>
        <line num="79" type="stmt" count="0"/>
        <line num="82" type="stmt" count="0"/>
        <line num="83" type="stmt" count="0"/>
        <line num="94" type="method" name="supportsClass" visibility="public" complexity="1" crap="2.00" count="0"/>
        <line num="96" type="stmt" count="0"/>
        <metrics loc="98" ncloc="49" classes="1" methods="4" coveredmethods="1" conditionals="0" coveredconditionals="0" statements="12" coveredstatements="2" elements="16" coveredelements="3"/>
      </file>
    </package>
    <package name="App\Service">
      <file name="/home/famoser/Data/Repos/app.mangel.io/src/Service/EmailService.php">
        <class name="App\Service\EmailService" namespace="App\Service">
          <metrics complexity="5" methods="2" coveredmethods="0" conditionals="0" coveredconditionals="0" statements="33" coveredstatements="0" elements="35" coveredelements="0"/>
        </class>
        <line num="51" type="method" name="__construct" visibility="public" complexity="1" crap="2.00" count="0"/>
        <line num="52" type="stmt" count="0"/>
        <line num="53" type="stmt" count="0"/>
        <line num="54" type="stmt" count="0"/>
        <line num="55" type="stmt" count="0"/>
        <line num="56" type="stmt" count="0"/>
        <line num="57" type="stmt" count="0"/>
        <line num="62" type="method" name="sendEmail" visibility="public" complexity="4" crap="20.00" count="0"/>
        <line num="63" type="stmt" count="0"/>
        <line num="64" type="stmt" count="0"/>
        <line num="65" type="stmt" count="0"/>
        <line num="67" type="stmt" count="0"/>
        <line num="68" type="stmt" count="0"/>
        <line num="69" type="stmt" count="0"/>
        <line num="70" type="stmt" count="0"/>
        <line num="72" type="stmt" count="0"/>
        <line num="73" type="stmt" count="0"/>
        <line num="74" type="stmt" count="0"/>
        <line num="75" type="stmt" count="0"/>
        <line num="76" type="stmt" count="0"/>
        <line num="78" type="stmt" count="0"/>
        <line num="79" type="stmt" count="0"/>
        <line num="80" type="stmt" count="0"/>
        <line num="81" type="stmt" count="0"/>
        <line num="82" type="stmt" count="0"/>
        <line num="83" type="stmt" count="0"/>
        <line num="84" type="stmt" count="0"/>
        <line num="85" type="stmt" count="0"/>
        <line num="86" type="stmt" count="0"/>
        <line num="87" type="stmt" count="0"/>
        <line num="88" type="stmt" count="0"/>
        <line num="89" type="stmt" count="0"/>
        <line num="90" type="stmt" count="0"/>
        <line num="92" type="stmt" count="0"/>
        <line num="93" type="stmt" count="0"/>
        <metrics loc="94" ncloc="63" classes="1" methods="2" coveredmethods="0" conditionals="0" coveredconditionals="0" statements="33" coveredstatements="0" elements="35" coveredelements="0"/>
      </file>
    </package>
    <file name="/home/famoser/Data/Repos/app.mangel.io/src/Service/Interfaces/EmailServiceInterface.php">
      <metrics loc="23" ncloc="11" classes="0" methods="0" coveredmethods="0" conditionals="0" coveredconditionals="0" statements="0" coveredstatements="0" elements="0" coveredelements="0"/>
    </file>
    <metrics files="92" loc="8284" ncloc="4906" classes="82" methods="428" coveredmethods="298" conditionals="0" coveredconditionals="0" statements="1592" coveredstatements="1015" elements="2020" coveredelements="1313"/>
  </project>
</coverage>
